<?xml version="1.0" encoding="UTF-8"?>
<!-- Generated by org.testng.reporters.JUnitXMLReporter -->
<testsuite ignored="0" hostname="RachanaNayak" failures="1" tests="4" name="RachanaTest" time="13.667" errors="0" timestamp="2022-01-28T19:54:08 IST">
  <testcase classname="com.main.FirstClassInMaven" name="testMethod2" time="0.042">
    <failure type="java.lang.AssertionError" message="null">
      <![CDATA[java.lang.AssertionError: null
at com.main.FirstClassInMaven.testMethod2(FirstClassInMaven.java:25)
at java.base/java.util.ArrayList.forEach(ArrayList.java:1511)
... Removed 29 stack frames]]>
    </failure>
  </testcase> <!-- testMethod2 -->
  <testcase classname="com.main.FirstClassInMaven" name="testMethod1" time="12.632"/>
  <testcase classname="com.main.FirstClassInMaven" name="testMethod3" time="0.0">
    <skipped/>
  </testcase> <!-- testMethod3 -->
  <testcase classname="com.main.SecondClass" name="SecondClassMethod" time="0.01"/>
</testsuite> <!-- RachanaTest -->
